<?xml version="1.0" encoding="UTF-8"?>
<testsuite xmlns:xsi="http://www.w3.org/2001/XMLSchema-instance" xsi:noNamespaceSchemaLocation="https://maven.apache.org/surefire/maven-surefire-plugin/xsd/surefire-test-report.xsd" name="testRunner.TestRunner" time="256.039" tests="69" errors="0" skipped="0" failures="0">
  <properties>
    <property name="sun.desktop" value="windows"/>
    <property name="awt.toolkit" value="sun.awt.windows.WToolkit"/>
    <property name="file.encoding.pkg" value="sun.io"/>
    <property name="java.specification.version" value="1.8"/>
    <property name="sun.cpu.isalist" value="amd64"/>
    <property name="sun.jnu.encoding" value="Cp1252"/>
    <property name="java.class.path" value="C:\Users\bagaln\Check24-workspace\Check24Assignment\Check24Assignment\target\test-classes;C:\Users\bagaln\Check24-workspace\Check24Assignment\Check24Assignment\target\classes;C:\Program Files\Java\jdk1.8.0_241\lib\tools.jar;C:\Users\bagaln\.m2\repository\junit\junit\4.11\junit-4.11.jar;C:\Users\bagaln\.m2\repository\org\hamcrest\hamcrest-core\1.3\hamcrest-core-1.3.jar;C:\Users\bagaln\.m2\repository\org\seleniumhq\selenium\selenium-java\3.141.59\selenium-java-3.141.59.jar;C:\Users\bagaln\.m2\repository\org\seleniumhq\selenium\selenium-api\3.141.59\selenium-api-3.141.59.jar;C:\Users\bagaln\.m2\repository\org\seleniumhq\selenium\selenium-chrome-driver\3.141.59\selenium-chrome-driver-3.141.59.jar;C:\Users\bagaln\.m2\repository\org\seleniumhq\selenium\selenium-edge-driver\3.141.59\selenium-edge-driver-3.141.59.jar;C:\Users\bagaln\.m2\repository\org\seleniumhq\selenium\selenium-firefox-driver\3.141.59\selenium-firefox-driver-3.141.59.jar;C:\Users\bagaln\.m2\repository\org\seleniumhq\selenium\selenium-ie-driver\3.141.59\selenium-ie-driver-3.141.59.jar;C:\Users\bagaln\.m2\repository\org\seleniumhq\selenium\selenium-opera-driver\3.141.59\selenium-opera-driver-3.141.59.jar;C:\Users\bagaln\.m2\repository\org\seleniumhq\selenium\selenium-remote-driver\3.141.59\selenium-remote-driver-3.141.59.jar;C:\Users\bagaln\.m2\repository\org\seleniumhq\selenium\selenium-safari-driver\3.141.59\selenium-safari-driver-3.141.59.jar;C:\Users\bagaln\.m2\repository\org\seleniumhq\selenium\selenium-support\3.141.59\selenium-support-3.141.59.jar;C:\Users\bagaln\.m2\repository\net\bytebuddy\byte-buddy\1.8.15\byte-buddy-1.8.15.jar;C:\Users\bagaln\.m2\repository\org\apache\commons\commons-exec\1.3\commons-exec-1.3.jar;C:\Users\bagaln\.m2\repository\com\google\guava\guava\25.0-jre\guava-25.0-jre.jar;C:\Users\bagaln\.m2\repository\com\google\code\findbugs\jsr305\1.3.9\jsr305-1.3.9.jar;C:\Users\bagaln\.m2\repository\org\checkerframework\checker-compat-qual\2.0.0\checker-compat-qual-2.0.0.jar;C:\Users\bagaln\.m2\repository\com\google\errorprone\error_prone_annotations\2.1.3\error_prone_annotations-2.1.3.jar;C:\Users\bagaln\.m2\repository\com\google\j2objc\j2objc-annotations\1.1\j2objc-annotations-1.1.jar;C:\Users\bagaln\.m2\repository\org\codehaus\mojo\animal-sniffer-annotations\1.14\animal-sniffer-annotations-1.14.jar;C:\Users\bagaln\.m2\repository\com\squareup\okhttp3\okhttp\3.11.0\okhttp-3.11.0.jar;C:\Users\bagaln\.m2\repository\com\squareup\okio\okio\1.14.0\okio-1.14.0.jar;C:\Users\bagaln\.m2\repository\log4j\log4j\1.2.17\log4j-1.2.17.jar;C:\Users\bagaln\.m2\repository\org\apache\poi\poi\3.17\poi-3.17.jar;C:\Users\bagaln\.m2\repository\commons-codec\commons-codec\1.10\commons-codec-1.10.jar;C:\Users\bagaln\.m2\repository\org\apache\commons\commons-collections4\4.1\commons-collections4-4.1.jar;C:\Users\bagaln\.m2\repository\org\apache\maven\surefire\surefire-api\2.19.1\surefire-api-2.19.1.jar;C:\Users\bagaln\.m2\repository\info\cukes\cucumber-java\1.1.5\cucumber-java-1.1.5.jar;C:\Users\bagaln\.m2\repository\info\cukes\cucumber-core\1.1.5\cucumber-core-1.1.5.jar;C:\Users\bagaln\.m2\repository\info\cukes\cucumber-html\0.2.3\cucumber-html-0.2.3.jar;C:\Users\bagaln\.m2\repository\info\cukes\cucumber-junit\1.1.5\cucumber-junit-1.1.5.jar;C:\Users\bagaln\.m2\repository\net\sourceforge\cobertura\cobertura\2.1.1\cobertura-2.1.1.jar;C:\Users\bagaln\.m2\repository\org\ow2\asm\asm\5.0.1\asm-5.0.1.jar;C:\Users\bagaln\.m2\repository\org\ow2\asm\asm-tree\5.0.1\asm-tree-5.0.1.jar;C:\Users\bagaln\.m2\repository\org\ow2\asm\asm-commons\5.0.1\asm-commons-5.0.1.jar;C:\Users\bagaln\.m2\repository\org\ow2\asm\asm-util\5.0.1\asm-util-5.0.1.jar;C:\Users\bagaln\.m2\repository\org\ow2\asm\asm-analysis\5.0.1\asm-analysis-5.0.1.jar;C:\Users\bagaln\.m2\repository\oro\oro\2.0.8\oro-2.0.8.jar;C:\Users\bagaln\.m2\repository\jaxen\jaxen\1.1.4\jaxen-1.1.4.jar;C:\Users\bagaln\.m2\repository\org\apache\ant\ant\1.8.3\ant-1.8.3.jar;C:\Users\bagaln\.m2\repository\org\apache\ant\ant-launcher\1.8.3\ant-launcher-1.8.3.jar;C:\Users\bagaln\.m2\repository\org\apache\ant\ant-junit\1.8.3\ant-junit-1.8.3.jar;C:\Users\bagaln\.m2\repository\org\mortbay\jetty\servlet-api-2.5\6.1.14\servlet-api-2.5-6.1.14.jar;C:\Users\bagaln\.m2\repository\org\mortbay\jetty\jetty\6.1.14\jetty-6.1.14.jar;C:\Users\bagaln\.m2\repository\org\mortbay\jetty\jetty-util\6.1.14\jetty-util-6.1.14.jar;C:\Users\bagaln\.m2\repository\org\slf4j\slf4j-api\1.7.5\slf4j-api-1.7.5.jar;C:\Users\bagaln\.m2\repository\ch\qos\logback\logback-classic\1.0.13\logback-classic-1.0.13.jar;C:\Users\bagaln\.m2\repository\ch\qos\logback\logback-core\1.0.13\logback-core-1.0.13.jar;C:\Users\bagaln\.m2\repository\org\apache\commons\commons-lang3\3.3.2\commons-lang3-3.3.2.jar;C:\Users\bagaln\.m2\repository\info\cukes\cucumber-jvm-deps\1.0.5\cucumber-jvm-deps-1.0.5.jar;C:\Users\bagaln\.m2\repository\net\masterthought\cucumber-reporting\1.0.0\cucumber-reporting-1.0.0.jar;C:\Users\bagaln\.m2\repository\com\google\code\gson\gson\2.4\gson-2.4.jar;C:\Users\bagaln\.m2\repository\org\apache\velocity\velocity\1.7\velocity-1.7.jar;C:\Users\bagaln\.m2\repository\commons-collections\commons-collections\3.2.1\commons-collections-3.2.1.jar;C:\Users\bagaln\.m2\repository\commons-lang\commons-lang\2.4\commons-lang-2.4.jar;C:\Users\bagaln\.m2\repository\velocity-tools\velocity-tools\1.4\velocity-tools-1.4.jar;C:\Users\bagaln\.m2\repository\joda-time\joda-time\2.9.1\joda-time-2.9.1.jar;C:\Users\bagaln\.m2\repository\commons-io\commons-io\2.4\commons-io-2.4.jar;C:\Users\bagaln\.m2\repository\net\lingala\zip4j\zip4j\1.3.2\zip4j-1.3.2.jar;C:\Users\bagaln\.m2\repository\org\apache\maven\plugins\maven-gpg-plugin\1.6\maven-gpg-plugin-1.6.jar;C:\Users\bagaln\.m2\repository\org\apache\maven\maven-plugin-api\2.2.1\maven-plugin-api-2.2.1.jar;C:\Users\bagaln\.m2\repository\org\apache\maven\maven-project\2.2.1\maven-project-2.2.1.jar;C:\Users\bagaln\.m2\repository\org\apache\maven\maven-settings\2.2.1\maven-settings-2.2.1.jar;C:\Users\bagaln\.m2\repository\org\apache\maven\maven-profile\2.2.1\maven-profile-2.2.1.jar;C:\Users\bagaln\.m2\repository\org\apache\maven\maven-artifact-manager\2.2.1\maven-artifact-manager-2.2.1.jar;C:\Users\bagaln\.m2\repository\org\apache\maven\wagon\wagon-provider-api\1.0-beta-6\wagon-provider-api-1.0-beta-6.jar;C:\Users\bagaln\.m2\repository\backport-util-concurrent\backport-util-concurrent\3.1\backport-util-concurrent-3.1.jar;C:\Users\bagaln\.m2\repository\org\apache\maven\maven-plugin-registry\2.2.1\maven-plugin-registry-2.2.1.jar;C:\Users\bagaln\.m2\repository\org\codehaus\plexus\plexus-interpolation\1.11\plexus-interpolation-1.11.jar;C:\Users\bagaln\.m2\repository\org\codehaus\plexus\plexus-container-default\1.0-alpha-9-stable-1\plexus-container-default-1.0-alpha-9-stable-1.jar;C:\Users\bagaln\.m2\repository\classworlds\classworlds\1.1-alpha-2\classworlds-1.1-alpha-2.jar;C:\Users\bagaln\.m2\repository\org\apache\maven\maven-artifact\2.2.1\maven-artifact-2.2.1.jar;C:\Users\bagaln\.m2\repository\org\apache\maven\maven-repository-metadata\2.2.1\maven-repository-metadata-2.2.1.jar;C:\Users\bagaln\.m2\repository\org\apache\maven\maven-model\2.2.1\maven-model-2.2.1.jar;C:\Users\bagaln\.m2\repository\org\codehaus\plexus\plexus-utils\3.0.20\plexus-utils-3.0.20.jar;C:\Users\bagaln\.m2\repository\org\sonatype\plexus\plexus-sec-dispatcher\1.4\plexus-sec-dispatcher-1.4.jar;C:\Users\bagaln\.m2\repository\org\sonatype\plexus\plexus-cipher\1.4\plexus-cipher-1.4.jar;C:\Users\bagaln\.m2\repository\org\jsoup\jsoup\1.8.3\jsoup-1.8.3.jar;C:\Users\bagaln\.m2\repository\info\cukes\gherkin\2.12.2\gherkin-2.12.2.jar;C:\Users\bagaln\.m2\repository\org\mockito\mockito-all\2.0.2-beta\mockito-all-2.0.2-beta.jar;"/>
    <property name="java.vm.vendor" value="Oracle Corporation"/>
    <property name="sun.arch.data.model" value="64"/>
    <property name="user.variant" value=""/>
    <property name="java.vendor.url" value="http://java.oracle.com/"/>
    <property name="user.timezone" value="Europe/Berlin"/>
    <property name="java.vm.specification.version" value="1.8"/>
    <property name="os.name" value="Windows 10"/>
    <property name="user.country" value="GB"/>
    <property name="sun.java.launcher" value="SUN_STANDARD"/>
    <property name="sun.boot.library.path" value="C:\Program Files\Java\jdk1.8.0_241\jre\bin"/>
    <property name="sun.java.command" value="C:\Users\bagaln\AppData\Local\Temp\surefire2136114865836206302\surefirebooter3866702491206007337.jar C:\Users\bagaln\AppData\Local\Temp\surefire2136114865836206302 2020-03-30T16-36-47_411-jvmRun1 surefire5274830614126346658tmp surefire_03928524983586341634tmp"/>
    <property name="surefire.test.class.path" value="C:\Users\bagaln\Check24-workspace\Check24Assignment\Check24Assignment\target\test-classes;C:\Users\bagaln\Check24-workspace\Check24Assignment\Check24Assignment\target\classes;C:\Program Files\Java\jdk1.8.0_241\lib\tools.jar;C:\Users\bagaln\.m2\repository\junit\junit\4.11\junit-4.11.jar;C:\Users\bagaln\.m2\repository\org\hamcrest\hamcrest-core\1.3\hamcrest-core-1.3.jar;C:\Users\bagaln\.m2\repository\org\seleniumhq\selenium\selenium-java\3.141.59\selenium-java-3.141.59.jar;C:\Users\bagaln\.m2\repository\org\seleniumhq\selenium\selenium-api\3.141.59\selenium-api-3.141.59.jar;C:\Users\bagaln\.m2\repository\org\seleniumhq\selenium\selenium-chrome-driver\3.141.59\selenium-chrome-driver-3.141.59.jar;C:\Users\bagaln\.m2\repository\org\seleniumhq\selenium\selenium-edge-driver\3.141.59\selenium-edge-driver-3.141.59.jar;C:\Users\bagaln\.m2\repository\org\seleniumhq\selenium\selenium-firefox-driver\3.141.59\selenium-firefox-driver-3.141.59.jar;C:\Users\bagaln\.m2\repository\org\seleniumhq\selenium\selenium-ie-driver\3.141.59\selenium-ie-driver-3.141.59.jar;C:\Users\bagaln\.m2\repository\org\seleniumhq\selenium\selenium-opera-driver\3.141.59\selenium-opera-driver-3.141.59.jar;C:\Users\bagaln\.m2\repository\org\seleniumhq\selenium\selenium-remote-driver\3.141.59\selenium-remote-driver-3.141.59.jar;C:\Users\bagaln\.m2\repository\org\seleniumhq\selenium\selenium-safari-driver\3.141.59\selenium-safari-driver-3.141.59.jar;C:\Users\bagaln\.m2\repository\org\seleniumhq\selenium\selenium-support\3.141.59\selenium-support-3.141.59.jar;C:\Users\bagaln\.m2\repository\net\bytebuddy\byte-buddy\1.8.15\byte-buddy-1.8.15.jar;C:\Users\bagaln\.m2\repository\org\apache\commons\commons-exec\1.3\commons-exec-1.3.jar;C:\Users\bagaln\.m2\repository\com\google\guava\guava\25.0-jre\guava-25.0-jre.jar;C:\Users\bagaln\.m2\repository\com\google\code\findbugs\jsr305\1.3.9\jsr305-1.3.9.jar;C:\Users\bagaln\.m2\repository\org\checkerframework\checker-compat-qual\2.0.0\checker-compat-qual-2.0.0.jar;C:\Users\bagaln\.m2\repository\com\google\errorprone\error_prone_annotations\2.1.3\error_prone_annotations-2.1.3.jar;C:\Users\bagaln\.m2\repository\com\google\j2objc\j2objc-annotations\1.1\j2objc-annotations-1.1.jar;C:\Users\bagaln\.m2\repository\org\codehaus\mojo\animal-sniffer-annotations\1.14\animal-sniffer-annotations-1.14.jar;C:\Users\bagaln\.m2\repository\com\squareup\okhttp3\okhttp\3.11.0\okhttp-3.11.0.jar;C:\Users\bagaln\.m2\repository\com\squareup\okio\okio\1.14.0\okio-1.14.0.jar;C:\Users\bagaln\.m2\repository\log4j\log4j\1.2.17\log4j-1.2.17.jar;C:\Users\bagaln\.m2\repository\org\apache\poi\poi\3.17\poi-3.17.jar;C:\Users\bagaln\.m2\repository\commons-codec\commons-codec\1.10\commons-codec-1.10.jar;C:\Users\bagaln\.m2\repository\org\apache\commons\commons-collections4\4.1\commons-collections4-4.1.jar;C:\Users\bagaln\.m2\repository\org\apache\maven\surefire\surefire-api\2.19.1\surefire-api-2.19.1.jar;C:\Users\bagaln\.m2\repository\info\cukes\cucumber-java\1.1.5\cucumber-java-1.1.5.jar;C:\Users\bagaln\.m2\repository\info\cukes\cucumber-core\1.1.5\cucumber-core-1.1.5.jar;C:\Users\bagaln\.m2\repository\info\cukes\cucumber-html\0.2.3\cucumber-html-0.2.3.jar;C:\Users\bagaln\.m2\repository\info\cukes\cucumber-junit\1.1.5\cucumber-junit-1.1.5.jar;C:\Users\bagaln\.m2\repository\net\sourceforge\cobertura\cobertura\2.1.1\cobertura-2.1.1.jar;C:\Users\bagaln\.m2\repository\org\ow2\asm\asm\5.0.1\asm-5.0.1.jar;C:\Users\bagaln\.m2\repository\org\ow2\asm\asm-tree\5.0.1\asm-tree-5.0.1.jar;C:\Users\bagaln\.m2\repository\org\ow2\asm\asm-commons\5.0.1\asm-commons-5.0.1.jar;C:\Users\bagaln\.m2\repository\org\ow2\asm\asm-util\5.0.1\asm-util-5.0.1.jar;C:\Users\bagaln\.m2\repository\org\ow2\asm\asm-analysis\5.0.1\asm-analysis-5.0.1.jar;C:\Users\bagaln\.m2\repository\oro\oro\2.0.8\oro-2.0.8.jar;C:\Users\bagaln\.m2\repository\jaxen\jaxen\1.1.4\jaxen-1.1.4.jar;C:\Users\bagaln\.m2\repository\org\apache\ant\ant\1.8.3\ant-1.8.3.jar;C:\Users\bagaln\.m2\repository\org\apache\ant\ant-launcher\1.8.3\ant-launcher-1.8.3.jar;C:\Users\bagaln\.m2\repository\org\apache\ant\ant-junit\1.8.3\ant-junit-1.8.3.jar;C:\Users\bagaln\.m2\repository\org\mortbay\jetty\servlet-api-2.5\6.1.14\servlet-api-2.5-6.1.14.jar;C:\Users\bagaln\.m2\repository\org\mortbay\jetty\jetty\6.1.14\jetty-6.1.14.jar;C:\Users\bagaln\.m2\repository\org\mortbay\jetty\jetty-util\6.1.14\jetty-util-6.1.14.jar;C:\Users\bagaln\.m2\repository\org\slf4j\slf4j-api\1.7.5\slf4j-api-1.7.5.jar;C:\Users\bagaln\.m2\repository\ch\qos\logback\logback-classic\1.0.13\logback-classic-1.0.13.jar;C:\Users\bagaln\.m2\repository\ch\qos\logback\logback-core\1.0.13\logback-core-1.0.13.jar;C:\Users\bagaln\.m2\repository\org\apache\commons\commons-lang3\3.3.2\commons-lang3-3.3.2.jar;C:\Users\bagaln\.m2\repository\info\cukes\cucumber-jvm-deps\1.0.5\cucumber-jvm-deps-1.0.5.jar;C:\Users\bagaln\.m2\repository\net\masterthought\cucumber-reporting\1.0.0\cucumber-reporting-1.0.0.jar;C:\Users\bagaln\.m2\repository\com\google\code\gson\gson\2.4\gson-2.4.jar;C:\Users\bagaln\.m2\repository\org\apache\velocity\velocity\1.7\velocity-1.7.jar;C:\Users\bagaln\.m2\repository\commons-collections\commons-collections\3.2.1\commons-collections-3.2.1.jar;C:\Users\bagaln\.m2\repository\commons-lang\commons-lang\2.4\commons-lang-2.4.jar;C:\Users\bagaln\.m2\repository\velocity-tools\velocity-tools\1.4\velocity-tools-1.4.jar;C:\Users\bagaln\.m2\repository\joda-time\joda-time\2.9.1\joda-time-2.9.1.jar;C:\Users\bagaln\.m2\repository\commons-io\commons-io\2.4\commons-io-2.4.jar;C:\Users\bagaln\.m2\repository\net\lingala\zip4j\zip4j\1.3.2\zip4j-1.3.2.jar;C:\Users\bagaln\.m2\repository\org\apache\maven\plugins\maven-gpg-plugin\1.6\maven-gpg-plugin-1.6.jar;C:\Users\bagaln\.m2\repository\org\apache\maven\maven-plugin-api\2.2.1\maven-plugin-api-2.2.1.jar;C:\Users\bagaln\.m2\repository\org\apache\maven\maven-project\2.2.1\maven-project-2.2.1.jar;C:\Users\bagaln\.m2\repository\org\apache\maven\maven-settings\2.2.1\maven-settings-2.2.1.jar;C:\Users\bagaln\.m2\repository\org\apache\maven\maven-profile\2.2.1\maven-profile-2.2.1.jar;C:\Users\bagaln\.m2\repository\org\apache\maven\maven-artifact-manager\2.2.1\maven-artifact-manager-2.2.1.jar;C:\Users\bagaln\.m2\repository\org\apache\maven\wagon\wagon-provider-api\1.0-beta-6\wagon-provider-api-1.0-beta-6.jar;C:\Users\bagaln\.m2\repository\backport-util-concurrent\backport-util-concurrent\3.1\backport-util-concurrent-3.1.jar;C:\Users\bagaln\.m2\repository\org\apache\maven\maven-plugin-registry\2.2.1\maven-plugin-registry-2.2.1.jar;C:\Users\bagaln\.m2\repository\org\codehaus\plexus\plexus-interpolation\1.11\plexus-interpolation-1.11.jar;C:\Users\bagaln\.m2\repository\org\codehaus\plexus\plexus-container-default\1.0-alpha-9-stable-1\plexus-container-default-1.0-alpha-9-stable-1.jar;C:\Users\bagaln\.m2\repository\classworlds\classworlds\1.1-alpha-2\classworlds-1.1-alpha-2.jar;C:\Users\bagaln\.m2\repository\org\apache\maven\maven-artifact\2.2.1\maven-artifact-2.2.1.jar;C:\Users\bagaln\.m2\repository\org\apache\maven\maven-repository-metadata\2.2.1\maven-repository-metadata-2.2.1.jar;C:\Users\bagaln\.m2\repository\org\apache\maven\maven-model\2.2.1\maven-model-2.2.1.jar;C:\Users\bagaln\.m2\repository\org\codehaus\plexus\plexus-utils\3.0.20\plexus-utils-3.0.20.jar;C:\Users\bagaln\.m2\repository\org\sonatype\plexus\plexus-sec-dispatcher\1.4\plexus-sec-dispatcher-1.4.jar;C:\Users\bagaln\.m2\repository\org\sonatype\plexus\plexus-cipher\1.4\plexus-cipher-1.4.jar;C:\Users\bagaln\.m2\repository\org\jsoup\jsoup\1.8.3\jsoup-1.8.3.jar;C:\Users\bagaln\.m2\repository\info\cukes\gherkin\2.12.2\gherkin-2.12.2.jar;C:\Users\bagaln\.m2\repository\org\mockito\mockito-all\2.0.2-beta\mockito-all-2.0.2-beta.jar;"/>
    <property name="sun.cpu.endian" value="little"/>
    <property name="user.home" value="C:\Users\bagaln"/>
    <property name="user.language" value="en"/>
    <property name="java.specification.vendor" value="Oracle Corporation"/>
    <property name="java.home" value="C:\Program Files\Java\jdk1.8.0_241\jre"/>
    <property name="basedir" value="C:\Users\bagaln\Check24-workspace\Check24Assignment\Check24Assignment"/>
    <property name="file.separator" value="\"/>
    <property name="line.separator" value="&#10;"/>
    <property name="java.vm.specification.vendor" value="Oracle Corporation"/>
    <property name="java.specification.name" value="Java Platform API Specification"/>
    <property name="java.awt.graphicsenv" value="sun.awt.Win32GraphicsEnvironment"/>
    <property name="surefire.real.class.path" value="C:\Users\bagaln\AppData\Local\Temp\surefire2136114865836206302\surefirebooter3866702491206007337.jar"/>
    <property name="sun.boot.class.path" value="C:\Program Files\Java\jdk1.8.0_241\jre\lib\resources.jar;C:\Program Files\Java\jdk1.8.0_241\jre\lib\rt.jar;C:\Program Files\Java\jdk1.8.0_241\jre\lib\sunrsasign.jar;C:\Program Files\Java\jdk1.8.0_241\jre\lib\jsse.jar;C:\Program Files\Java\jdk1.8.0_241\jre\lib\jce.jar;C:\Program Files\Java\jdk1.8.0_241\jre\lib\charsets.jar;C:\Program Files\Java\jdk1.8.0_241\jre\lib\jfr.jar;C:\Program Files\Java\jdk1.8.0_241\jre\classes"/>
    <property name="user.script" value=""/>
    <property name="sun.management.compiler" value="HotSpot 64-Bit Tiered Compilers"/>
    <property name="java.runtime.version" value="1.8.0_241-b07"/>
    <property name="user.name" value="bagaln"/>
    <property name="path.separator" value=";"/>
    <property name="os.version" value="10.0"/>
    <property name="java.endorsed.dirs" value="C:\Program Files\Java\jdk1.8.0_241\jre\lib\endorsed"/>
    <property name="java.runtime.name" value="Java(TM) SE Runtime Environment"/>
    <property name="file.encoding" value="Cp1252"/>
    <property name="java.vm.name" value="Java HotSpot(TM) 64-Bit Server VM"/>
    <property name="localRepository" value="C:\Users\bagaln\.m2\repository"/>
    <property name="java.vendor.url.bug" value="http://bugreport.sun.com/bugreport/"/>
    <property name="java.io.tmpdir" value="C:\Users\bagaln\AppData\Local\Temp\"/>
    <property name="java.version" value="1.8.0_241"/>
    <property name="user.dir" value="C:\Users\bagaln\Check24-workspace\Check24Assignment\Check24Assignment"/>
    <property name="os.arch" value="amd64"/>
    <property name="java.vm.specification.name" value="Java Virtual Machine Specification"/>
    <property name="java.awt.printerjob" value="sun.awt.windows.WPrinterJob"/>
    <property name="sun.os.patch.level" value=""/>
    <property name="java.library.path" value="C:\Program Files\Java\jdk1.8.0_241\jre\bin;C:\Windows\Sun\Java\bin;C:\Windows\system32;C:\Windows;C:/Program Files/Java/jdk-13.0.2/bin/server;C:/Program Files/Java/jdk-13.0.2/bin;C:\Program Files\Java\jdk1.8.0_241\bin;C:\Program Files (x86)\Common Files\Oracle\Java\javapath;C:\Windows\system32;C:\Windows;C:\Windows\System32\Wbem;C:\Windows\System32\WindowsPowerShell\v1.0\;C:\Windows\System32\OpenSSH\;C:\Program Files\Java\jdk1.8.0_241\bin;C:\Users\bagaln\apache-maven-3.6.3\bin;C:\Users\bagaln\AppData\Local\Programs\Git\cmd;C:\Windows\system32;;."/>
    <property name="java.vm.info" value="mixed mode"/>
    <property name="java.vendor" value="Oracle Corporation"/>
    <property name="java.vm.version" value="25.241-b07"/>
    <property name="java.ext.dirs" value="C:\Program Files\Java\jdk1.8.0_241\jre\lib\ext;C:\Windows\Sun\Java\lib\ext"/>
    <property name="sun.io.unicode.encoding" value="UnicodeLittle"/>
    <property name="java.class.version" value="52.0"/>
  </properties>
  <testcase name="Given User is in the check24.de website" classname="Scenario: Login to Check24 page and verify user details" time="0.008"/>
  <testcase name="When User clicks on the Anmelden button and enters the username and password" classname="Scenario: Login to Check24 page and verify user details" time="0"/>
  <testcase name="And User clicks on the Anmelden button" classname="Scenario: Login to Check24 page and verify user details" time="0"/>
  <testcase name="Then User is navigated to the account page" classname="Scenario: Login to Check24 page and verify user details" time="0"/>
  <testcase name="And User sees his details" classname="Scenario: Login to Check24 page and verify user details" time="0"/>
  <testcase name="When User hovers above the &quot;Mein Konto&quot;" classname="Scenario: Login to Check24 page and verify user details" time="0"/>
  <testcase name="And User clicks on the &quot;Abmelden&quot; button" classname="Scenario: Login to Check24 page and verify user details" time="0"/>
  <testcase name="Then User should be successfully logged out" classname="Scenario: Login to Check24 page and verify user details" time="0"/>
  <testcase name="Scenario: Login to Check24 page and verify user details" classname="Scenario: Login to Check24 page and verify user details" time="0.001"/>
  <testcase name="Given User is in the check24.de website" classname="Scenario: Login to Check24 page and verify shopping cart scenario" time="0"/>
  <testcase name="When User clicks on the Anmelden button and enters the username and password" classname="Scenario: Login to Check24 page and verify shopping cart scenario" time="0"/>
  <testcase name="And User clicks on the Anmelden button" classname="Scenario: Login to Check24 page and verify shopping cart scenario" time="0"/>
  <testcase name="Then User is navigated to the account page" classname="Scenario: Login to Check24 page and verify shopping cart scenario" time="0"/>
  <testcase name="When User search for &quot;Iphone 11&quot; in the search box" classname="Scenario: Login to Check24 page and verify shopping cart scenario" time="0"/>
  <testcase name="And User selects the desired model from the result list" classname="Scenario: Login to Check24 page and verify shopping cart scenario" time="0"/>
  <testcase name="Then User is navigated to the Iphone model details page" classname="Scenario: Login to Check24 page and verify shopping cart scenario" time="0"/>
  <testcase name="When User clicks on the the button &quot;In den Warenkorb&quot;" classname="Scenario: Login to Check24 page and verify shopping cart scenario" time="0"/>
  <testcase name="Then User sees a popup message that the product is added in the Shopping cart" classname="Scenario: Login to Check24 page and verify shopping cart scenario" time="0"/>
  <testcase name="When User clicks on the &quot;Warenkorb&quot; link" classname="Scenario: Login to Check24 page and verify shopping cart scenario" time="0"/>
  <testcase name="Then User is navigated to the Shopping cart page" classname="Scenario: Login to Check24 page and verify shopping cart scenario" time="0"/>
  <testcase name="And User is able to see the base price,shipping price and quantity" classname="Scenario: Login to Check24 page and verify shopping cart scenario" time="0"/>
  <testcase name="When User hovers above the &quot;Mein Konto&quot; on Product details page" classname="Scenario: Login to Check24 page and verify shopping cart scenario" time="0"/>
  <testcase name="And User clicks on the &quot;Abmelden&quot; button" classname="Scenario: Login to Check24 page and verify shopping cart scenario" time="0"/>
  <testcase name="Then User should be successfully logged out and shopping cart page is displayed" classname="Scenario: Login to Check24 page and verify shopping cart scenario" time="0"/>
  <testcase name="Scenario: Login to Check24 page and verify shopping cart scenario" classname="Scenario: Login to Check24 page and verify shopping cart scenario" time="0.001"/>
  <testcase name="Given User is in the check24.de website" classname="Scenario: Shipping cost toggle product detail page and verify if the shipping cost is added correctly" time="0"/>
  <testcase name="When User clicks on the Anmelden button and enters the username and password" classname="Scenario: Shipping cost toggle product detail page and verify if the shipping cost is added correctly" time="0.001"/>
  <testcase name="And User clicks on the Anmelden button" classname="Scenario: Shipping cost toggle product detail page and verify if the shipping cost is added correctly" time="0"/>
  <testcase name="Then User is navigated to the account page" classname="Scenario: Shipping cost toggle product detail page and verify if the shipping cost is added correctly" time="0"/>
  <testcase name="When User hovers on the Listen and clicks on the Artikel link" classname="Scenario: Shipping cost toggle product detail page and verify if the shipping cost is added correctly" time="0"/>
  <testcase name="Then User is navigated to the Shopping cart page" classname="Scenario: Shipping cost toggle product detail page and verify if the shipping cost is added correctly" time="0"/>
  <testcase name="When User clicks on the selected product" classname="Scenario: Shipping cost toggle product detail page and verify if the shipping cost is added correctly" time="0"/>
  <testcase name="Then User is navigated to the product details page" classname="Scenario: Shipping cost toggle product detail page and verify if the shipping cost is added correctly" time="0"/>
  <testcase name="When User toggle off the button" classname="Scenario: Shipping cost toggle product detail page and verify if the shipping cost is added correctly" time="0"/>
  <testcase name="Then User verifies the price displayed and shipping cost" classname="Scenario: Shipping cost toggle product detail page and verify if the shipping cost is added correctly" time="0"/>
  <testcase name="When User toggle on the button" classname="Scenario: Shipping cost toggle product detail page and verify if the shipping cost is added correctly" time="0"/>
  <testcase name="Then User again verifies for the price change and shipping cost added" classname="Scenario: Shipping cost toggle product detail page and verify if the shipping cost is added correctly" time="0"/>
  <testcase name="When User hovers above the &quot;Mein Konto&quot; on Product details page" classname="Scenario: Shipping cost toggle product detail page and verify if the shipping cost is added correctly" time="0"/>
  <testcase name="And User clicks on the &quot;Abmelden&quot; button" classname="Scenario: Shipping cost toggle product detail page and verify if the shipping cost is added correctly" time="0"/>
  <testcase name="Then User should be successfully logged out and product detail page is displayed" classname="Scenario: Shipping cost toggle product detail page and verify if the shipping cost is added correctly" time="0"/>
  <testcase name="Scenario: Shipping cost toggle product detail page and verify if the shipping cost is added correctly" classname="Scenario: Shipping cost toggle product detail page and verify if the shipping cost is added correctly" time="0.002"/>
  <testcase name="Given User is in the check24.de website" classname="Scenario: Put item to watchlist and verify prices and shipping cost" time="0"/>
  <testcase name="When User clicks on the Anmelden button and enters the username and password" classname="Scenario: Put item to watchlist and verify prices and shipping cost" time="0"/>
  <testcase name="And User clicks on the Anmelden button" classname="Scenario: Put item to watchlist and verify prices and shipping cost" time="0"/>
  <testcase name="Then User is navigated to the account page" classname="Scenario: Put item to watchlist and verify prices and shipping cost" time="0"/>
  <testcase name="When User hovers on the Listen and clicks on the Artikel link" classname="Scenario: Put item to watchlist and verify prices and shipping cost" time="0"/>
  <testcase name="Then User is navigated to the Shopping cart page" classname="Scenario: Put item to watchlist and verify prices and shipping cost" time="0"/>
  <testcase name="When User clicks on the selected product" classname="Scenario: Put item to watchlist and verify prices and shipping cost" time="0"/>
  <testcase name="Then User is navigated to the product details page" classname="Scenario: Put item to watchlist and verify prices and shipping cost" time="0"/>
  <testcase name="Then User is navigated to the product details page" classname="Scenario: Put item to watchlist and verify prices and shipping cost" time="0"/>
  <testcase name="When User adds the product by clicking on the &quot;Produkt merken&quot; watchlist link" classname="Scenario: Put item to watchlist and verify prices and shipping cost" time="0"/>
  <testcase name="And User clicks on the &quot;Merkzettel&quot; link on the top" classname="Scenario: Put item to watchlist and verify prices and shipping cost" time="0"/>
  <testcase name="Then User is able to see the added favourite product in the watchlist" classname="Scenario: Put item to watchlist and verify prices and shipping cost" time="0"/>
  <testcase name="When User clicks on the product in the watchlist" classname="Scenario: Put item to watchlist and verify prices and shipping cost" time="0"/>
  <testcase name="And User is able to verify the prices and shipping cost" classname="Scenario: Put item to watchlist and verify prices and shipping cost" time="0"/>
  <testcase name="Scenario: Put item to watchlist and verify prices and shipping cost" classname="Scenario: Put item to watchlist and verify prices and shipping cost" time="0"/>
  <testcase name="Given User is on the product details page(Scenario: Interaction of product sliders " classname="Arrows are working, products are clickable, prices are displayed the same after redirection)" time="0"/>
  <testcase name="When User clicks on the right slider arrow button(Scenario: Interaction of product sliders " classname="Arrows are working, products are clickable, prices are displayed the same after redirection)" time="0"/>
  <testcase name="Then User verifies that the left arrow button is enabled(Scenario: Interaction of product sliders " classname="Arrows are working, products are clickable, prices are displayed the same after redirection)" time="0"/>
  <testcase name="When User clicks on any product(Scenario: Interaction of product sliders " classname="Arrows are working, products are clickable, prices are displayed the same after redirection)" time="0"/>
  <testcase name="Then User should be navigated to the product details page(Scenario: Interaction of product sliders " classname="Arrows are working, products are clickable, prices are displayed the same after redirection)" time="0"/>
  <testcase name="And User should be able to see the same price which was displayed in the previous page(Scenario: Interaction of product sliders " classname="Arrows are working, products are clickable, prices are displayed the same after redirection)" time="0"/>
  <testcase name="Scenario: Interaction of product sliders " classname="Arrows are working, products are clickable, prices are displayed the same after redirection" time="0"/>
  <testcase name="Given User is on the new product details page" classname="Scenario: Voucher/Points at Product Detail Page" time="0"/>
  <testcase name="When User hovers above the Points tool tip in the product detail page" classname="Scenario: Voucher/Points at Product Detail Page" time="0"/>
  <testcase name="Then User should be able to verify the points details" classname="Scenario: Voucher/Points at Product Detail Page" time="0"/>
  <testcase name="When User hovers above the &quot;Mein Konto&quot; on Product details page" classname="Scenario: Voucher/Points at Product Detail Page" time="0"/>
  <testcase name="And User clicks on the &quot;Abmelden&quot; button" classname="Scenario: Voucher/Points at Product Detail Page" time="0"/>
  <testcase name="Scenario: Voucher/Points at Product Detail Page" classname="Scenario: Voucher/Points at Product Detail Page" time="0.001"/>
</testsuite>